TN:
SF:src/main.ts
FN:20,(anonymous_0)
FN:21,(anonymous_1)
FN:24,(anonymous_2)
FN:31,(anonymous_3)
FN:32,(anonymous_4)
FN:34,(anonymous_5)
FN:35,(anonymous_6)
FN:40,(anonymous_7)
FN:41,(anonymous_8)
FN:43,(anonymous_9)
FN:46,(anonymous_10)
FN:48,(anonymous_11)
FN:60,(anonymous_12)
FN:80,(anonymous_13)
FN:86,(anonymous_14)
FN:88,(anonymous_15)
FN:95,(anonymous_16)
FN:112,(anonymous_17)
FN:125,(anonymous_18)
FNF:19
FNH:13
FNDA:0,(anonymous_0)
FNDA:0,(anonymous_1)
FNDA:2,(anonymous_2)
FNDA:2,(anonymous_3)
FNDA:2,(anonymous_4)
FNDA:2,(anonymous_5)
FNDA:3,(anonymous_6)
FNDA:2,(anonymous_7)
FNDA:2,(anonymous_8)
FNDA:4,(anonymous_9)
FNDA:6,(anonymous_10)
FNDA:5,(anonymous_11)
FNDA:0,(anonymous_12)
FNDA:1,(anonymous_13)
FNDA:1,(anonymous_14)
FNDA:3,(anonymous_15)
FNDA:0,(anonymous_16)
FNDA:0,(anonymous_17)
FNDA:0,(anonymous_18)
DA:19,1
DA:20,1
DA:21,0
DA:24,1
DA:29,2
DA:32,2
DA:35,3
DA:40,1
DA:41,2
DA:43,1
DA:45,4
DA:46,4
DA:47,6
DA:48,3
DA:49,5
DA:50,4
DA:56,4
DA:60,1
DA:65,0
DA:66,0
DA:67,0
DA:71,0
DA:72,0
DA:80,1
DA:84,1
DA:87,1
DA:88,3
DA:95,1
DA:103,0
DA:104,0
DA:108,0
DA:109,0
DA:112,0
DA:115,0
DA:116,0
DA:122,0
DA:124,0
DA:125,0
DA:126,0
DA:131,0
DA:135,0
LF:41
LH:22
BRDA:41,0,0,1
BRDA:41,0,1,1
BRDA:47,1,0,3
BRDA:47,1,1,3
BRDA:47,2,0,6
BRDA:47,2,1,3
BRDA:49,3,0,4
BRDA:49,3,1,1
BRDA:66,4,0,0
BRDA:66,4,1,0
BRDA:66,5,0,0
BRDA:66,5,1,0
BRDA:66,6,0,0
BRDA:66,6,1,0
BRDA:88,7,0,2
BRDA:88,7,1,1
BRDA:99,8,0,0
BRDA:100,9,0,0
BRDA:101,10,0,0
BRDA:109,11,0,0
BRDA:109,11,1,0
BRDA:110,12,0,0
BRDA:110,12,1,0
BRDA:126,13,0,0
BRDA:126,13,1,0
BRDA:127,14,0,0
BRDA:127,14,1,0
BRDA:127,14,2,0
BRF:28
BRH:10
end_of_record
