TN:
SF:src/main.ts
FN:20,(anonymous_0)
FN:21,(anonymous_1)
FN:26,(anonymous_2)
FN:33,(anonymous_3)
FN:34,(anonymous_4)
FN:36,(anonymous_5)
FN:37,(anonymous_6)
FN:42,(anonymous_7)
FN:43,(anonymous_8)
FN:45,(anonymous_9)
FN:48,(anonymous_10)
FN:50,(anonymous_11)
FN:62,(anonymous_12)
FN:82,(anonymous_13)
FN:88,(anonymous_14)
FN:90,(anonymous_15)
FN:97,(anonymous_16)
FN:114,(anonymous_17)
FN:127,(anonymous_18)
FN:141,(anonymous_19)
FN:161,(anonymous_20)
FN:175,(anonymous_21)
FNF:22
FNH:13
FNDA:0,(anonymous_0)
FNDA:0,(anonymous_1)
FNDA:2,(anonymous_2)
FNDA:2,(anonymous_3)
FNDA:2,(anonymous_4)
FNDA:2,(anonymous_5)
FNDA:3,(anonymous_6)
FNDA:2,(anonymous_7)
FNDA:2,(anonymous_8)
FNDA:4,(anonymous_9)
FNDA:6,(anonymous_10)
FNDA:5,(anonymous_11)
FNDA:0,(anonymous_12)
FNDA:1,(anonymous_13)
FNDA:1,(anonymous_14)
FNDA:3,(anonymous_15)
FNDA:0,(anonymous_16)
FNDA:0,(anonymous_17)
FNDA:0,(anonymous_18)
FNDA:0,(anonymous_19)
FNDA:0,(anonymous_20)
FNDA:0,(anonymous_21)
DA:19,1
DA:20,1
DA:21,0
DA:26,1
DA:31,2
DA:34,2
DA:37,3
DA:42,1
DA:43,2
DA:45,1
DA:47,4
DA:48,4
DA:49,6
DA:50,3
DA:51,5
DA:52,4
DA:58,4
DA:62,1
DA:67,0
DA:68,0
DA:69,0
DA:73,0
DA:74,0
DA:82,1
DA:86,1
DA:89,1
DA:90,3
DA:97,1
DA:105,0
DA:106,0
DA:110,0
DA:111,0
DA:114,0
DA:117,0
DA:118,0
DA:124,0
DA:126,0
DA:127,0
DA:128,0
DA:133,0
DA:137,0
DA:141,1
DA:150,0
DA:151,0
DA:154,0
DA:157,0
DA:158,0
DA:161,0
DA:165,0
DA:166,0
DA:172,0
DA:174,0
DA:175,0
DA:176,0
DA:181,0
DA:185,0
LF:56
LH:23
BRDA:43,0,0,1
BRDA:43,0,1,1
BRDA:49,1,0,3
BRDA:49,1,1,3
BRDA:49,2,0,6
BRDA:49,2,1,3
BRDA:51,3,0,4
BRDA:51,3,1,1
BRDA:68,4,0,0
BRDA:68,4,1,0
BRDA:68,5,0,0
BRDA:68,5,1,0
BRDA:68,6,0,0
BRDA:68,6,1,0
BRDA:90,7,0,2
BRDA:90,7,1,1
BRDA:101,8,0,0
BRDA:102,9,0,0
BRDA:103,10,0,0
BRDA:111,11,0,0
BRDA:111,11,1,0
BRDA:112,12,0,0
BRDA:112,12,1,0
BRDA:128,13,0,0
BRDA:128,13,1,0
BRDA:129,14,0,0
BRDA:129,14,1,0
BRDA:129,14,2,0
BRDA:146,15,0,0
BRDA:147,16,0,0
BRDA:148,17,0,0
BRDA:158,18,0,0
BRDA:158,18,1,0
BRDA:159,19,0,0
BRDA:159,19,1,0
BRDA:159,19,2,0
BRDA:176,20,0,0
BRDA:176,20,1,0
BRDA:177,21,0,0
BRDA:177,21,1,0
BRDA:177,21,2,0
BRF:41
BRH:10
end_of_record
